<?xml version="1.0" encoding="UTF-8"?>
<testng-results skipped="0" failed="6" ignored="0" total="12" passed="6">
  <reporter-output>
  </reporter-output>
  <suite name="Suite B" duration-ms="12309" started-at="2021-03-04T07:57:08 CST" finished-at="2021-03-04T07:57:20 CST">
    <groups>
      <group name="sanity">
        <method signature="TestB.testB(java.lang.String, java.lang.String)[pri:0, instance:suiteb.TestB@2758fe70]" name="testB" class="suiteb.TestB"/>
      </group> <!-- sanity -->
      <group name="Browser">
        <method signature="TestB.testB(java.lang.String, java.lang.String)[pri:0, instance:suiteb.TestB@2758fe70]" name="testB" class="suiteb.TestB"/>
      </group> <!-- Browser -->
    </groups>
    <test name="Test B" duration-ms="6123" started-at="2021-03-04T07:57:08 CST" finished-at="2021-03-04T07:57:14 CST">
      <class name="suiteb.TestB">
        <test-method status="PASS" signature="init(org.testng.ITestContext, org.testng.ITestResult)[pri:0, instance:suiteb.TestB@2758fe70]" name="init" is-config="true" duration-ms="1" started-at="2021-03-04T07:57:08 CST" finished-at="2021-03-04T07:57:08 CST">
          <params>
            <param index="0">
              <value>
                <![CDATA[org.testng.TestRunner@6340e5f0]]>
              </value>
            </param>
            <param index="1">
              <value>
                <![CDATA[[TestResult name={null} status=CREATED method=TestB.testB(java.lang.String, java.lang.String)[pri:0, instance:suiteb.TestB@2758fe70] output={null}]]]>
              </value>
            </param>
          </params>
          <reporter-output>
          </reporter-output>
        </test-method> <!-- init -->
        <test-method status="PASS" signature="testB(java.lang.String, java.lang.String)[pri:0, instance:suiteb.TestB@2758fe70]" name="testB" duration-ms="3010" started-at="2021-03-04T07:57:08 CST" data-provider="dataSuiteB" finished-at="2021-03-04T07:57:11 CST">
          <params>
            <param index="0">
              <value>
                <![CDATA[U1B]]>
              </value>
            </param>
            <param index="1">
              <value>
                <![CDATA[P1B]]>
              </value>
            </param>
          </params>
          <reporter-output>
          </reporter-output>
        </test-method> <!-- testB -->
        <test-method status="PASS" signature="quit()[pri:0, instance:suiteb.TestB@2758fe70]" name="quit" is-config="true" duration-ms="60" started-at="2021-03-04T07:57:11 CST" finished-at="2021-03-04T07:57:11 CST">
          <reporter-output>
          </reporter-output>
        </test-method> <!-- quit -->
        <test-method status="PASS" signature="init(org.testng.ITestContext, org.testng.ITestResult)[pri:0, instance:suiteb.TestB@2758fe70]" name="init" is-config="true" duration-ms="1" started-at="2021-03-04T07:57:11 CST" finished-at="2021-03-04T07:57:11 CST">
          <params>
            <param index="0">
              <value>
                <![CDATA[org.testng.TestRunner@6340e5f0]]>
              </value>
            </param>
            <param index="1">
              <value>
                <![CDATA[[TestResult name={null} status=CREATED method=TestB.testB(java.lang.String, java.lang.String)[pri:0, instance:suiteb.TestB@2758fe70] output={null}]]]>
              </value>
            </param>
          </params>
          <reporter-output>
          </reporter-output>
        </test-method> <!-- init -->
        <test-method status="PASS" signature="testB(java.lang.String, java.lang.String)[pri:0, instance:suiteb.TestB@2758fe70]" name="testB" duration-ms="3003" started-at="2021-03-04T07:57:11 CST" data-provider="dataSuiteB" finished-at="2021-03-04T07:57:14 CST">
          <params>
            <param index="0">
              <value>
                <![CDATA[U2B]]>
              </value>
            </param>
            <param index="1">
              <value>
                <![CDATA[P2B]]>
              </value>
            </param>
          </params>
          <reporter-output>
          </reporter-output>
        </test-method> <!-- testB -->
        <test-method status="PASS" signature="quit()[pri:0, instance:suiteb.TestB@2758fe70]" name="quit" is-config="true" duration-ms="41" started-at="2021-03-04T07:57:14 CST" finished-at="2021-03-04T07:57:14 CST">
          <reporter-output>
          </reporter-output>
        </test-method> <!-- quit -->
      </class> <!-- suiteb.TestB -->
    </test> <!-- Test B -->
    <test name="Test BB" duration-ms="6167" started-at="2021-03-04T07:57:14 CST" finished-at="2021-03-04T07:57:20 CST">
      <class name="suiteb.TestBB">
        <test-method status="PASS" signature="init(org.testng.ITestContext, org.testng.ITestResult)[pri:0, instance:suiteb.TestBB@50b494a6]" name="init" is-config="true" duration-ms="2" started-at="2021-03-04T07:57:14 CST" finished-at="2021-03-04T07:57:14 CST">
          <params>
            <param index="0">
              <value>
                <![CDATA[org.testng.TestRunner@1ffaf86]]>
              </value>
            </param>
            <param index="1">
              <value>
                <![CDATA[[TestResult name={null} status=CREATED method=TestBB.testBB(java.lang.String, java.lang.String)[pri:0, instance:suiteb.TestBB@50b494a6] output={null}]]]>
              </value>
            </param>
          </params>
          <reporter-output>
          </reporter-output>
        </test-method> <!-- init -->
        <test-method status="PASS" signature="testBB(java.lang.String, java.lang.String)[pri:0, instance:suiteb.TestBB@50b494a6]" name="testBB" duration-ms="3016" started-at="2021-03-04T07:57:14 CST" data-provider="dataSuiteB" finished-at="2021-03-04T07:57:17 CST">
          <params>
            <param index="0">
              <value>
                <![CDATA[U1BB]]>
              </value>
            </param>
            <param index="1">
              <value>
                <![CDATA[P1BB]]>
              </value>
            </param>
          </params>
          <reporter-output>
          </reporter-output>
        </test-method> <!-- testBB -->
        <test-method status="PASS" signature="quit()[pri:0, instance:suiteb.TestBB@50b494a6]" name="quit" is-config="true" duration-ms="66" started-at="2021-03-04T07:57:17 CST" finished-at="2021-03-04T07:57:17 CST">
          <reporter-output>
          </reporter-output>
        </test-method> <!-- quit -->
        <test-method status="PASS" signature="init(org.testng.ITestContext, org.testng.ITestResult)[pri:0, instance:suiteb.TestBB@50b494a6]" name="init" is-config="true" duration-ms="1" started-at="2021-03-04T07:57:17 CST" finished-at="2021-03-04T07:57:17 CST">
          <params>
            <param index="0">
              <value>
                <![CDATA[org.testng.TestRunner@1ffaf86]]>
              </value>
            </param>
            <param index="1">
              <value>
                <![CDATA[[TestResult name={null} status=CREATED method=TestBB.testBB(java.lang.String, java.lang.String)[pri:0, instance:suiteb.TestBB@50b494a6] output={null}]]]>
              </value>
            </param>
          </params>
          <reporter-output>
          </reporter-output>
        </test-method> <!-- init -->
        <test-method status="PASS" signature="testBB(java.lang.String, java.lang.String)[pri:0, instance:suiteb.TestBB@50b494a6]" name="testBB" duration-ms="3015" started-at="2021-03-04T07:57:17 CST" data-provider="dataSuiteB" finished-at="2021-03-04T07:57:20 CST">
          <params>
            <param index="0">
              <value>
                <![CDATA[U2BB]]>
              </value>
            </param>
            <param index="1">
              <value>
                <![CDATA[P2BB]]>
              </value>
            </param>
          </params>
          <reporter-output>
          </reporter-output>
        </test-method> <!-- testBB -->
        <test-method status="PASS" signature="quit()[pri:0, instance:suiteb.TestBB@50b494a6]" name="quit" is-config="true" duration-ms="60" started-at="2021-03-04T07:57:20 CST" finished-at="2021-03-04T07:57:20 CST">
          <reporter-output>
          </reporter-output>
        </test-method> <!-- quit -->
      </class> <!-- suiteb.TestBB -->
    </test> <!-- Test BB -->
  </suite> <!-- Suite B -->
  <suite name="Suite C" duration-ms="6250" started-at="2021-03-04T07:57:20 CST" finished-at="2021-03-04T07:57:26 CST">
    <groups>
      <group name="sanity">
        <method signature="TestC.testC(java.lang.String, java.lang.String)[pri:0, instance:suitec.TestC@4973813a]" name="testC" class="suitec.TestC"/>
      </group> <!-- sanity -->
      <group name="Browser">
        <method signature="TestC.testC(java.lang.String, java.lang.String)[pri:0, instance:suitec.TestC@4973813a]" name="testC" class="suitec.TestC"/>
      </group> <!-- Browser -->
    </groups>
    <test name="Test C" duration-ms="46" started-at="2021-03-04T07:57:20 CST" finished-at="2021-03-04T07:57:20 CST">
      <class name="suitec.TestC">
        <test-method status="PASS" signature="init(org.testng.ITestContext, org.testng.ITestResult)[pri:0, instance:suitec.TestC@4973813a]" name="init" is-config="true" duration-ms="2" started-at="2021-03-04T07:57:20 CST" finished-at="2021-03-04T07:57:20 CST">
          <params>
            <param index="0">
              <value>
                <![CDATA[org.testng.TestRunner@1c7696c6]]>
              </value>
            </param>
            <param index="1">
              <value>
                <![CDATA[[TestResult name={null} status=CREATED method=TestC.testC(java.lang.String, java.lang.String)[pri:0, instance:suitec.TestC@4973813a] output={null}]]]>
              </value>
            </param>
          </params>
          <reporter-output>
          </reporter-output>
        </test-method> <!-- init -->
        <test-method status="FAIL" signature="testC(java.lang.String, java.lang.String)[pri:0, instance:suitec.TestC@4973813a]" name="testC" duration-ms="3" started-at="2021-03-04T07:57:20 CST" data-provider="dataSuiteC" finished-at="2021-03-04T07:57:20 CST">
          <params>
            <param index="0">
              <value>
                <![CDATA[U1C]]>
              </value>
            </param>
            <param index="1">
              <value>
                <![CDATA[P1C]]>
              </value>
            </param>
          </params>
          <exception class="java.lang.AssertionError">
            <message>
              <![CDATA[The following asserts failed:
a is not equals to b]]>
            </message>
            <full-stacktrace>
              <![CDATA[java.lang.AssertionError: The following asserts failed:
a is not equals to b
at org.testng.asserts.SoftAssert.assertAll(SoftAssert.java:47)
at org.testng.asserts.SoftAssert.assertAll(SoftAssert.java:31)
at testBase.TestBase.failAndStop(TestBase.java:68)
at suitec.TestC.testC(TestC.java:14)
at sun.reflect.NativeMethodAccessorImpl.invoke0(Native Method)
at sun.reflect.NativeMethodAccessorImpl.invoke(NativeMethodAccessorImpl.java:62)
at sun.reflect.DelegatingMethodAccessorImpl.invoke(DelegatingMethodAccessorImpl.java:43)
at java.lang.reflect.Method.invoke(Method.java:498)
at org.testng.internal.MethodInvocationHelper.invokeMethod(MethodInvocationHelper.java:133)
at org.testng.internal.TestInvoker.invokeMethod(TestInvoker.java:584)
at org.testng.internal.TestInvoker.invokeTestMethod(TestInvoker.java:172)
at org.testng.internal.MethodRunner.runInSequence(MethodRunner.java:46)
at org.testng.internal.TestInvoker$MethodInvocationAgent.invoke(TestInvoker.java:804)
at org.testng.internal.TestInvoker.invokeTestMethods(TestInvoker.java:145)
at org.testng.internal.TestMethodWorker.invokeTestMethods(TestMethodWorker.java:146)
at org.testng.internal.TestMethodWorker.run(TestMethodWorker.java:128)
at java.util.ArrayList.forEach(ArrayList.java:1259)
at org.testng.TestRunner.privateRun(TestRunner.java:770)
at org.testng.TestRunner.run(TestRunner.java:591)
at org.testng.SuiteRunner.runTest(SuiteRunner.java:402)
at org.testng.SuiteRunner.runSequentially(SuiteRunner.java:396)
at org.testng.SuiteRunner.privateRun(SuiteRunner.java:355)
at org.testng.SuiteRunner.run(SuiteRunner.java:304)
at org.testng.SuiteRunnerWorker.runSuite(SuiteRunnerWorker.java:53)
at org.testng.SuiteRunnerWorker.run(SuiteRunnerWorker.java:96)
at org.testng.TestNG.runSuitesSequentially(TestNG.java:1180)
at org.testng.TestNG.runSuitesSequentially(TestNG.java:1175)
at org.testng.TestNG.runSuitesLocally(TestNG.java:1102)
at org.testng.TestNG.runSuites(TestNG.java:1032)
at org.testng.TestNG.run(TestNG.java:1000)
at org.apache.maven.surefire.testng.TestNGExecutor.run(TestNGExecutor.java:283)
at org.apache.maven.surefire.testng.TestNGXmlTestSuite.execute(TestNGXmlTestSuite.java:75)
at org.apache.maven.surefire.testng.TestNGProvider.invoke(TestNGProvider.java:120)
at org.apache.maven.surefire.booter.ForkedBooter.runSuitesInProcess(ForkedBooter.java:377)
at org.apache.maven.surefire.booter.ForkedBooter.execute(ForkedBooter.java:138)
at org.apache.maven.surefire.booter.ForkedBooter.run(ForkedBooter.java:465)
at org.apache.maven.surefire.booter.ForkedBooter.main(ForkedBooter.java:451)
]]>
            </full-stacktrace>
          </exception> <!-- java.lang.AssertionError -->
          <reporter-output>
          </reporter-output>
        </test-method> <!-- testC -->
        <test-method status="PASS" signature="quit()[pri:0, instance:suitec.TestC@4973813a]" name="quit" is-config="true" duration-ms="13" started-at="2021-03-04T07:57:20 CST" finished-at="2021-03-04T07:57:20 CST">
          <reporter-output>
          </reporter-output>
        </test-method> <!-- quit -->
        <test-method status="PASS" signature="init(org.testng.ITestContext, org.testng.ITestResult)[pri:0, instance:suitec.TestC@4973813a]" name="init" is-config="true" duration-ms="2" started-at="2021-03-04T07:57:20 CST" finished-at="2021-03-04T07:57:20 CST">
          <params>
            <param index="0">
              <value>
                <![CDATA[org.testng.TestRunner@1c7696c6]]>
              </value>
            </param>
            <param index="1">
              <value>
                <![CDATA[[TestResult name={null} status=CREATED method=TestC.testC(java.lang.String, java.lang.String)[pri:0, instance:suitec.TestC@4973813a] output={null}]]]>
              </value>
            </param>
          </params>
          <reporter-output>
          </reporter-output>
        </test-method> <!-- init -->
        <test-method status="FAIL" signature="testC(java.lang.String, java.lang.String)[pri:0, instance:suitec.TestC@4973813a]" name="testC" duration-ms="1" started-at="2021-03-04T07:57:20 CST" data-provider="dataSuiteC" finished-at="2021-03-04T07:57:20 CST">
          <params>
            <param index="0">
              <value>
                <![CDATA[U2C]]>
              </value>
            </param>
            <param index="1">
              <value>
                <![CDATA[P2C]]>
              </value>
            </param>
          </params>
          <exception class="java.lang.AssertionError">
            <message>
              <![CDATA[The following asserts failed:
a is not equals to b]]>
            </message>
            <full-stacktrace>
              <![CDATA[java.lang.AssertionError: The following asserts failed:
a is not equals to b
at org.testng.asserts.SoftAssert.assertAll(SoftAssert.java:47)
at org.testng.asserts.SoftAssert.assertAll(SoftAssert.java:31)
at testBase.TestBase.failAndStop(TestBase.java:68)
at suitec.TestC.testC(TestC.java:14)
at sun.reflect.NativeMethodAccessorImpl.invoke0(Native Method)
at sun.reflect.NativeMethodAccessorImpl.invoke(NativeMethodAccessorImpl.java:62)
at sun.reflect.DelegatingMethodAccessorImpl.invoke(DelegatingMethodAccessorImpl.java:43)
at java.lang.reflect.Method.invoke(Method.java:498)
at org.testng.internal.MethodInvocationHelper.invokeMethod(MethodInvocationHelper.java:133)
at org.testng.internal.TestInvoker.invokeMethod(TestInvoker.java:584)
at org.testng.internal.TestInvoker.invokeTestMethod(TestInvoker.java:172)
at org.testng.internal.MethodRunner.runInSequence(MethodRunner.java:46)
at org.testng.internal.TestInvoker$MethodInvocationAgent.invoke(TestInvoker.java:804)
at org.testng.internal.TestInvoker.invokeTestMethods(TestInvoker.java:145)
at org.testng.internal.TestMethodWorker.invokeTestMethods(TestMethodWorker.java:146)
at org.testng.internal.TestMethodWorker.run(TestMethodWorker.java:128)
at java.util.ArrayList.forEach(ArrayList.java:1259)
at org.testng.TestRunner.privateRun(TestRunner.java:770)
at org.testng.TestRunner.run(TestRunner.java:591)
at org.testng.SuiteRunner.runTest(SuiteRunner.java:402)
at org.testng.SuiteRunner.runSequentially(SuiteRunner.java:396)
at org.testng.SuiteRunner.privateRun(SuiteRunner.java:355)
at org.testng.SuiteRunner.run(SuiteRunner.java:304)
at org.testng.SuiteRunnerWorker.runSuite(SuiteRunnerWorker.java:53)
at org.testng.SuiteRunnerWorker.run(SuiteRunnerWorker.java:96)
at org.testng.TestNG.runSuitesSequentially(TestNG.java:1180)
at org.testng.TestNG.runSuitesSequentially(TestNG.java:1175)
at org.testng.TestNG.runSuitesLocally(TestNG.java:1102)
at org.testng.TestNG.runSuites(TestNG.java:1032)
at org.testng.TestNG.run(TestNG.java:1000)
at org.apache.maven.surefire.testng.TestNGExecutor.run(TestNGExecutor.java:283)
at org.apache.maven.surefire.testng.TestNGXmlTestSuite.execute(TestNGXmlTestSuite.java:75)
at org.apache.maven.surefire.testng.TestNGProvider.invoke(TestNGProvider.java:120)
at org.apache.maven.surefire.booter.ForkedBooter.runSuitesInProcess(ForkedBooter.java:377)
at org.apache.maven.surefire.booter.ForkedBooter.execute(ForkedBooter.java:138)
at org.apache.maven.surefire.booter.ForkedBooter.run(ForkedBooter.java:465)
at org.apache.maven.surefire.booter.ForkedBooter.main(ForkedBooter.java:451)
]]>
            </full-stacktrace>
          </exception> <!-- java.lang.AssertionError -->
          <reporter-output>
          </reporter-output>
        </test-method> <!-- testC -->
        <test-method status="PASS" signature="quit()[pri:0, instance:suitec.TestC@4973813a]" name="quit" is-config="true" duration-ms="19" started-at="2021-03-04T07:57:20 CST" finished-at="2021-03-04T07:57:20 CST">
          <reporter-output>
          </reporter-output>
        </test-method> <!-- quit -->
      </class> <!-- suitec.TestC -->
    </test> <!-- Test C -->
    <test name="Test CC" duration-ms="6142" started-at="2021-03-04T07:57:20 CST" finished-at="2021-03-04T07:57:26 CST">
      <class name="suitec.TestCC">
        <test-method status="PASS" signature="init(org.testng.ITestContext, org.testng.ITestResult)[pri:0, instance:suitec.TestCC@1efed156]" name="init" is-config="true" duration-ms="2" started-at="2021-03-04T07:57:20 CST" finished-at="2021-03-04T07:57:20 CST">
          <params>
            <param index="0">
              <value>
                <![CDATA[org.testng.TestRunner@1e6a3214]]>
              </value>
            </param>
            <param index="1">
              <value>
                <![CDATA[[TestResult name={null} status=CREATED method=TestCC.testCC(java.lang.String, java.lang.String)[pri:0, instance:suitec.TestCC@1efed156] output={null}]]]>
              </value>
            </param>
          </params>
          <reporter-output>
          </reporter-output>
        </test-method> <!-- init -->
        <test-method status="FAIL" signature="testCC(java.lang.String, java.lang.String)[pri:0, instance:suitec.TestCC@1efed156]" name="testCC" duration-ms="3012" started-at="2021-03-04T07:57:20 CST" data-provider="dataSuiteC" finished-at="2021-03-04T07:57:23 CST">
          <params>
            <param index="0">
              <value>
                <![CDATA[U1CC]]>
              </value>
            </param>
            <param index="1">
              <value>
                <![CDATA[P1CC]]>
              </value>
            </param>
          </params>
          <exception class="java.lang.AssertionError">
            <message>
              <![CDATA[The following asserts failed:
Text doesn't match]]>
            </message>
            <full-stacktrace>
              <![CDATA[java.lang.AssertionError: The following asserts failed:
Text doesn't match
at org.testng.asserts.SoftAssert.assertAll(SoftAssert.java:47)
at org.testng.asserts.SoftAssert.assertAll(SoftAssert.java:31)
at suitec.TestCC.testCC(TestCC.java:16)
at sun.reflect.NativeMethodAccessorImpl.invoke0(Native Method)
at sun.reflect.NativeMethodAccessorImpl.invoke(NativeMethodAccessorImpl.java:62)
at sun.reflect.DelegatingMethodAccessorImpl.invoke(DelegatingMethodAccessorImpl.java:43)
at java.lang.reflect.Method.invoke(Method.java:498)
at org.testng.internal.MethodInvocationHelper.invokeMethod(MethodInvocationHelper.java:133)
at org.testng.internal.TestInvoker.invokeMethod(TestInvoker.java:584)
at org.testng.internal.TestInvoker.invokeTestMethod(TestInvoker.java:172)
at org.testng.internal.MethodRunner.runInSequence(MethodRunner.java:46)
at org.testng.internal.TestInvoker$MethodInvocationAgent.invoke(TestInvoker.java:804)
at org.testng.internal.TestInvoker.invokeTestMethods(TestInvoker.java:145)
at org.testng.internal.TestMethodWorker.invokeTestMethods(TestMethodWorker.java:146)
at org.testng.internal.TestMethodWorker.run(TestMethodWorker.java:128)
at java.util.ArrayList.forEach(ArrayList.java:1259)
at org.testng.TestRunner.privateRun(TestRunner.java:770)
at org.testng.TestRunner.run(TestRunner.java:591)
at org.testng.SuiteRunner.runTest(SuiteRunner.java:402)
at org.testng.SuiteRunner.runSequentially(SuiteRunner.java:396)
at org.testng.SuiteRunner.privateRun(SuiteRunner.java:355)
at org.testng.SuiteRunner.run(SuiteRunner.java:304)
at org.testng.SuiteRunnerWorker.runSuite(SuiteRunnerWorker.java:53)
at org.testng.SuiteRunnerWorker.run(SuiteRunnerWorker.java:96)
at org.testng.TestNG.runSuitesSequentially(TestNG.java:1180)
at org.testng.TestNG.runSuitesSequentially(TestNG.java:1175)
at org.testng.TestNG.runSuitesLocally(TestNG.java:1102)
at org.testng.TestNG.runSuites(TestNG.java:1032)
at org.testng.TestNG.run(TestNG.java:1000)
at org.apache.maven.surefire.testng.TestNGExecutor.run(TestNGExecutor.java:283)
at org.apache.maven.surefire.testng.TestNGXmlTestSuite.execute(TestNGXmlTestSuite.java:75)
at org.apache.maven.surefire.testng.TestNGProvider.invoke(TestNGProvider.java:120)
at org.apache.maven.surefire.booter.ForkedBooter.runSuitesInProcess(ForkedBooter.java:377)
at org.apache.maven.surefire.booter.ForkedBooter.execute(ForkedBooter.java:138)
at org.apache.maven.surefire.booter.ForkedBooter.run(ForkedBooter.java:465)
at org.apache.maven.surefire.booter.ForkedBooter.main(ForkedBooter.java:451)
]]>
            </full-stacktrace>
          </exception> <!-- java.lang.AssertionError -->
          <reporter-output>
          </reporter-output>
        </test-method> <!-- testCC -->
        <test-method status="PASS" signature="quit()[pri:0, instance:suitec.TestCC@1efed156]" name="quit" is-config="true" duration-ms="64" started-at="2021-03-04T07:57:23 CST" finished-at="2021-03-04T07:57:23 CST">
          <reporter-output>
          </reporter-output>
        </test-method> <!-- quit -->
        <test-method status="PASS" signature="init(org.testng.ITestContext, org.testng.ITestResult)[pri:0, instance:suitec.TestCC@1efed156]" name="init" is-config="true" duration-ms="2" started-at="2021-03-04T07:57:23 CST" finished-at="2021-03-04T07:57:23 CST">
          <params>
            <param index="0">
              <value>
                <![CDATA[org.testng.TestRunner@1e6a3214]]>
              </value>
            </param>
            <param index="1">
              <value>
                <![CDATA[[TestResult name={null} status=CREATED method=TestCC.testCC(java.lang.String, java.lang.String)[pri:0, instance:suitec.TestCC@1efed156] output={null}]]]>
              </value>
            </param>
          </params>
          <reporter-output>
          </reporter-output>
        </test-method> <!-- init -->
        <test-method status="FAIL" signature="testCC(java.lang.String, java.lang.String)[pri:0, instance:suitec.TestCC@1efed156]" name="testCC" duration-ms="3003" started-at="2021-03-04T07:57:23 CST" data-provider="dataSuiteC" finished-at="2021-03-04T07:57:26 CST">
          <params>
            <param index="0">
              <value>
                <![CDATA[U2CC]]>
              </value>
            </param>
            <param index="1">
              <value>
                <![CDATA[P2CC]]>
              </value>
            </param>
          </params>
          <exception class="java.lang.AssertionError">
            <message>
              <![CDATA[The following asserts failed:
Text doesn't match]]>
            </message>
            <full-stacktrace>
              <![CDATA[java.lang.AssertionError: The following asserts failed:
Text doesn't match
at org.testng.asserts.SoftAssert.assertAll(SoftAssert.java:47)
at org.testng.asserts.SoftAssert.assertAll(SoftAssert.java:31)
at suitec.TestCC.testCC(TestCC.java:16)
at sun.reflect.NativeMethodAccessorImpl.invoke0(Native Method)
at sun.reflect.NativeMethodAccessorImpl.invoke(NativeMethodAccessorImpl.java:62)
at sun.reflect.DelegatingMethodAccessorImpl.invoke(DelegatingMethodAccessorImpl.java:43)
at java.lang.reflect.Method.invoke(Method.java:498)
at org.testng.internal.MethodInvocationHelper.invokeMethod(MethodInvocationHelper.java:133)
at org.testng.internal.TestInvoker.invokeMethod(TestInvoker.java:584)
at org.testng.internal.TestInvoker.invokeTestMethod(TestInvoker.java:172)
at org.testng.internal.MethodRunner.runInSequence(MethodRunner.java:46)
at org.testng.internal.TestInvoker$MethodInvocationAgent.invoke(TestInvoker.java:804)
at org.testng.internal.TestInvoker.invokeTestMethods(TestInvoker.java:145)
at org.testng.internal.TestMethodWorker.invokeTestMethods(TestMethodWorker.java:146)
at org.testng.internal.TestMethodWorker.run(TestMethodWorker.java:128)
at java.util.ArrayList.forEach(ArrayList.java:1259)
at org.testng.TestRunner.privateRun(TestRunner.java:770)
at org.testng.TestRunner.run(TestRunner.java:591)
at org.testng.SuiteRunner.runTest(SuiteRunner.java:402)
at org.testng.SuiteRunner.runSequentially(SuiteRunner.java:396)
at org.testng.SuiteRunner.privateRun(SuiteRunner.java:355)
at org.testng.SuiteRunner.run(SuiteRunner.java:304)
at org.testng.SuiteRunnerWorker.runSuite(SuiteRunnerWorker.java:53)
at org.testng.SuiteRunnerWorker.run(SuiteRunnerWorker.java:96)
at org.testng.TestNG.runSuitesSequentially(TestNG.java:1180)
at org.testng.TestNG.runSuitesSequentially(TestNG.java:1175)
at org.testng.TestNG.runSuitesLocally(TestNG.java:1102)
at org.testng.TestNG.runSuites(TestNG.java:1032)
at org.testng.TestNG.run(TestNG.java:1000)
at org.apache.maven.surefire.testng.TestNGExecutor.run(TestNGExecutor.java:283)
at org.apache.maven.surefire.testng.TestNGXmlTestSuite.execute(TestNGXmlTestSuite.java:75)
at org.apache.maven.surefire.testng.TestNGProvider.invoke(TestNGProvider.java:120)
at org.apache.maven.surefire.booter.ForkedBooter.runSuitesInProcess(ForkedBooter.java:377)
at org.apache.maven.surefire.booter.ForkedBooter.execute(ForkedBooter.java:138)
at org.apache.maven.surefire.booter.ForkedBooter.run(ForkedBooter.java:465)
at org.apache.maven.surefire.booter.ForkedBooter.main(ForkedBooter.java:451)
]]>
            </full-stacktrace>
          </exception> <!-- java.lang.AssertionError -->
          <reporter-output>
          </reporter-output>
        </test-method> <!-- testCC -->
        <test-method status="PASS" signature="quit()[pri:0, instance:suitec.TestCC@1efed156]" name="quit" is-config="true" duration-ms="50" started-at="2021-03-04T07:57:26 CST" finished-at="2021-03-04T07:57:26 CST">
          <reporter-output>
          </reporter-output>
        </test-method> <!-- quit -->
      </class> <!-- suitec.TestCC -->
    </test> <!-- Test CC -->
  </suite> <!-- Suite C -->
  <suite name="My Test Suite" duration-ms="0" started-at="2021-03-04T07:57:26 CST" finished-at="2021-03-04T07:57:26 CST">
    <groups>
    </groups>
  </suite> <!-- My Test Suite -->
  <suite name="Suite A" duration-ms="13093" started-at="2021-03-04T07:56:54 CST" finished-at="2021-03-04T07:57:07 CST">
    <groups>
      <group name="sanity">
        <method signature="TestA.testA(java.lang.String, java.lang.String)[pri:0, instance:suitea.TestA@520a3426]" name="testA" class="suitea.TestA"/>
      </group> <!-- sanity -->
      <group name="Browser">
        <method signature="TestA.testA(java.lang.String, java.lang.String)[pri:0, instance:suitea.TestA@520a3426]" name="testA" class="suitea.TestA"/>
      </group> <!-- Browser -->
    </groups>
    <test name="Test A" duration-ms="6909" started-at="2021-03-04T07:56:54 CST" finished-at="2021-03-04T07:57:01 CST">
      <class name="suitea.TestA">
        <test-method status="PASS" signature="init(org.testng.ITestContext, org.testng.ITestResult)[pri:0, instance:suitea.TestA@520a3426]" name="init" is-config="true" duration-ms="202" started-at="2021-03-04T07:56:54 CST" finished-at="2021-03-04T07:56:55 CST">
          <params>
            <param index="0">
              <value>
                <![CDATA[org.testng.TestRunner@1a942c18]]>
              </value>
            </param>
            <param index="1">
              <value>
                <![CDATA[[TestResult name={null} status=CREATED method=TestA.testA(java.lang.String, java.lang.String)[pri:0, instance:suitea.TestA@520a3426] output={null}]]]>
              </value>
            </param>
          </params>
          <reporter-output>
          </reporter-output>
        </test-method> <!-- init -->
        <test-method status="PASS" signature="testA(java.lang.String, java.lang.String)[pri:0, instance:suitea.TestA@520a3426]" name="testA" duration-ms="3010" started-at="2021-03-04T07:56:55 CST" data-provider="dataSuiteA" finished-at="2021-03-04T07:56:58 CST">
          <params>
            <param index="0">
              <value>
                <![CDATA[U1A]]>
              </value>
            </param>
            <param index="1">
              <value>
                <![CDATA[P1A]]>
              </value>
            </param>
          </params>
          <reporter-output>
          </reporter-output>
        </test-method> <!-- testA -->
        <test-method status="PASS" signature="quit()[pri:0, instance:suitea.TestA@520a3426]" name="quit" is-config="true" duration-ms="553" started-at="2021-03-04T07:56:58 CST" finished-at="2021-03-04T07:56:58 CST">
          <reporter-output>
          </reporter-output>
        </test-method> <!-- quit -->
        <test-method status="PASS" signature="init(org.testng.ITestContext, org.testng.ITestResult)[pri:0, instance:suitea.TestA@520a3426]" name="init" is-config="true" duration-ms="2" started-at="2021-03-04T07:56:58 CST" finished-at="2021-03-04T07:56:58 CST">
          <params>
            <param index="0">
              <value>
                <![CDATA[org.testng.TestRunner@1a942c18]]>
              </value>
            </param>
            <param index="1">
              <value>
                <![CDATA[[TestResult name={null} status=CREATED method=TestA.testA(java.lang.String, java.lang.String)[pri:0, instance:suitea.TestA@520a3426] output={null}]]]>
              </value>
            </param>
          </params>
          <reporter-output>
          </reporter-output>
        </test-method> <!-- init -->
        <test-method status="PASS" signature="testA(java.lang.String, java.lang.String)[pri:0, instance:suitea.TestA@520a3426]" name="testA" duration-ms="3012" started-at="2021-03-04T07:56:58 CST" data-provider="dataSuiteA" finished-at="2021-03-04T07:57:01 CST">
          <params>
            <param index="0">
              <value>
                <![CDATA[U2A]]>
              </value>
            </param>
            <param index="1">
              <value>
                <![CDATA[P2A]]>
              </value>
            </param>
          </params>
          <reporter-output>
          </reporter-output>
        </test-method> <!-- testA -->
        <test-method status="PASS" signature="quit()[pri:0, instance:suitea.TestA@520a3426]" name="quit" is-config="true" duration-ms="41" started-at="2021-03-04T07:57:01 CST" finished-at="2021-03-04T07:57:01 CST">
          <reporter-output>
          </reporter-output>
        </test-method> <!-- quit -->
      </class> <!-- suitea.TestA -->
    </test> <!-- Test A -->
    <test name="Test AA" duration-ms="6146" started-at="2021-03-04T07:57:01 CST" finished-at="2021-03-04T07:57:07 CST">
      <class name="suitea.TestAA">
        <test-method status="PASS" signature="init(org.testng.ITestContext, org.testng.ITestResult)[pri:0, instance:suitea.TestAA@5ae63ade]" name="init" is-config="true" duration-ms="1" started-at="2021-03-04T07:57:01 CST" finished-at="2021-03-04T07:57:01 CST">
          <params>
            <param index="0">
              <value>
                <![CDATA[org.testng.TestRunner@738dc9b]]>
              </value>
            </param>
            <param index="1">
              <value>
                <![CDATA[[TestResult name={null} status=CREATED method=TestAA.testAA(java.lang.String, java.lang.String)[pri:0, instance:suitea.TestAA@5ae63ade] output={null}]]]>
              </value>
            </param>
          </params>
          <reporter-output>
          </reporter-output>
        </test-method> <!-- init -->
        <test-method status="FAIL" signature="testAA(java.lang.String, java.lang.String)[pri:0, instance:suitea.TestAA@5ae63ade]" name="testAA" duration-ms="3012" started-at="2021-03-04T07:57:01 CST" data-provider="dataSuiteA" finished-at="2021-03-04T07:57:04 CST">
          <params>
            <param index="0">
              <value>
                <![CDATA[U1AA]]>
              </value>
            </param>
            <param index="1">
              <value>
                <![CDATA[P1AA]]>
              </value>
            </param>
          </params>
          <exception class="java.lang.AssertionError">
            <message>
              <![CDATA[The following asserts failed:
Text doesn't match]]>
            </message>
            <full-stacktrace>
              <![CDATA[java.lang.AssertionError: The following asserts failed:
Text doesn't match
at org.testng.asserts.SoftAssert.assertAll(SoftAssert.java:47)
at org.testng.asserts.SoftAssert.assertAll(SoftAssert.java:31)
at suitea.TestAA.testAA(TestAA.java:21)
at sun.reflect.NativeMethodAccessorImpl.invoke0(Native Method)
at sun.reflect.NativeMethodAccessorImpl.invoke(NativeMethodAccessorImpl.java:62)
at sun.reflect.DelegatingMethodAccessorImpl.invoke(DelegatingMethodAccessorImpl.java:43)
at java.lang.reflect.Method.invoke(Method.java:498)
at org.testng.internal.MethodInvocationHelper.invokeMethod(MethodInvocationHelper.java:133)
at org.testng.internal.TestInvoker.invokeMethod(TestInvoker.java:584)
at org.testng.internal.TestInvoker.invokeTestMethod(TestInvoker.java:172)
at org.testng.internal.MethodRunner.runInSequence(MethodRunner.java:46)
at org.testng.internal.TestInvoker$MethodInvocationAgent.invoke(TestInvoker.java:804)
at org.testng.internal.TestInvoker.invokeTestMethods(TestInvoker.java:145)
at org.testng.internal.TestMethodWorker.invokeTestMethods(TestMethodWorker.java:146)
at org.testng.internal.TestMethodWorker.run(TestMethodWorker.java:128)
at java.util.ArrayList.forEach(ArrayList.java:1259)
at org.testng.TestRunner.privateRun(TestRunner.java:770)
at org.testng.TestRunner.run(TestRunner.java:591)
at org.testng.SuiteRunner.runTest(SuiteRunner.java:402)
at org.testng.SuiteRunner.runSequentially(SuiteRunner.java:396)
at org.testng.SuiteRunner.privateRun(SuiteRunner.java:355)
at org.testng.SuiteRunner.run(SuiteRunner.java:304)
at org.testng.SuiteRunnerWorker.runSuite(SuiteRunnerWorker.java:53)
at org.testng.SuiteRunnerWorker.run(SuiteRunnerWorker.java:96)
at org.testng.TestNG.runSuitesSequentially(TestNG.java:1180)
at org.testng.TestNG.runSuitesSequentially(TestNG.java:1175)
at org.testng.TestNG.runSuitesLocally(TestNG.java:1102)
at org.testng.TestNG.runSuites(TestNG.java:1032)
at org.testng.TestNG.run(TestNG.java:1000)
at org.apache.maven.surefire.testng.TestNGExecutor.run(TestNGExecutor.java:283)
at org.apache.maven.surefire.testng.TestNGXmlTestSuite.execute(TestNGXmlTestSuite.java:75)
at org.apache.maven.surefire.testng.TestNGProvider.invoke(TestNGProvider.java:120)
at org.apache.maven.surefire.booter.ForkedBooter.runSuitesInProcess(ForkedBooter.java:377)
at org.apache.maven.surefire.booter.ForkedBooter.execute(ForkedBooter.java:138)
at org.apache.maven.surefire.booter.ForkedBooter.run(ForkedBooter.java:465)
at org.apache.maven.surefire.booter.ForkedBooter.main(ForkedBooter.java:451)
]]>
            </full-stacktrace>
          </exception> <!-- java.lang.AssertionError -->
          <reporter-output>
          </reporter-output>
        </test-method> <!-- testAA -->
        <test-method status="PASS" signature="quit()[pri:0, instance:suitea.TestAA@5ae63ade]" name="quit" is-config="true" duration-ms="51" started-at="2021-03-04T07:57:04 CST" finished-at="2021-03-04T07:57:04 CST">
          <reporter-output>
          </reporter-output>
        </test-method> <!-- quit -->
        <test-method status="PASS" signature="init(org.testng.ITestContext, org.testng.ITestResult)[pri:0, instance:suitea.TestAA@5ae63ade]" name="init" is-config="true" duration-ms="2" started-at="2021-03-04T07:57:04 CST" finished-at="2021-03-04T07:57:04 CST">
          <params>
            <param index="0">
              <value>
                <![CDATA[org.testng.TestRunner@738dc9b]]>
              </value>
            </param>
            <param index="1">
              <value>
                <![CDATA[[TestResult name={null} status=CREATED method=TestAA.testAA(java.lang.String, java.lang.String)[pri:0, instance:suitea.TestAA@5ae63ade] output={null}]]]>
              </value>
            </param>
          </params>
          <reporter-output>
          </reporter-output>
        </test-method> <!-- init -->
        <test-method status="FAIL" signature="testAA(java.lang.String, java.lang.String)[pri:0, instance:suitea.TestAA@5ae63ade]" name="testAA" duration-ms="3011" started-at="2021-03-04T07:57:04 CST" data-provider="dataSuiteA" finished-at="2021-03-04T07:57:07 CST">
          <params>
            <param index="0">
              <value>
                <![CDATA[U2AA]]>
              </value>
            </param>
            <param index="1">
              <value>
                <![CDATA[p2AA]]>
              </value>
            </param>
          </params>
          <exception class="java.lang.AssertionError">
            <message>
              <![CDATA[The following asserts failed:
Text doesn't match]]>
            </message>
            <full-stacktrace>
              <![CDATA[java.lang.AssertionError: The following asserts failed:
Text doesn't match
at org.testng.asserts.SoftAssert.assertAll(SoftAssert.java:47)
at org.testng.asserts.SoftAssert.assertAll(SoftAssert.java:31)
at suitea.TestAA.testAA(TestAA.java:21)
at sun.reflect.NativeMethodAccessorImpl.invoke0(Native Method)
at sun.reflect.NativeMethodAccessorImpl.invoke(NativeMethodAccessorImpl.java:62)
at sun.reflect.DelegatingMethodAccessorImpl.invoke(DelegatingMethodAccessorImpl.java:43)
at java.lang.reflect.Method.invoke(Method.java:498)
at org.testng.internal.MethodInvocationHelper.invokeMethod(MethodInvocationHelper.java:133)
at org.testng.internal.TestInvoker.invokeMethod(TestInvoker.java:584)
at org.testng.internal.TestInvoker.invokeTestMethod(TestInvoker.java:172)
at org.testng.internal.MethodRunner.runInSequence(MethodRunner.java:46)
at org.testng.internal.TestInvoker$MethodInvocationAgent.invoke(TestInvoker.java:804)
at org.testng.internal.TestInvoker.invokeTestMethods(TestInvoker.java:145)
at org.testng.internal.TestMethodWorker.invokeTestMethods(TestMethodWorker.java:146)
at org.testng.internal.TestMethodWorker.run(TestMethodWorker.java:128)
at java.util.ArrayList.forEach(ArrayList.java:1259)
at org.testng.TestRunner.privateRun(TestRunner.java:770)
at org.testng.TestRunner.run(TestRunner.java:591)
at org.testng.SuiteRunner.runTest(SuiteRunner.java:402)
at org.testng.SuiteRunner.runSequentially(SuiteRunner.java:396)
at org.testng.SuiteRunner.privateRun(SuiteRunner.java:355)
at org.testng.SuiteRunner.run(SuiteRunner.java:304)
at org.testng.SuiteRunnerWorker.runSuite(SuiteRunnerWorker.java:53)
at org.testng.SuiteRunnerWorker.run(SuiteRunnerWorker.java:96)
at org.testng.TestNG.runSuitesSequentially(TestNG.java:1180)
at org.testng.TestNG.runSuitesSequentially(TestNG.java:1175)
at org.testng.TestNG.runSuitesLocally(TestNG.java:1102)
at org.testng.TestNG.runSuites(TestNG.java:1032)
at org.testng.TestNG.run(TestNG.java:1000)
at org.apache.maven.surefire.testng.TestNGExecutor.run(TestNGExecutor.java:283)
at org.apache.maven.surefire.testng.TestNGXmlTestSuite.execute(TestNGXmlTestSuite.java:75)
at org.apache.maven.surefire.testng.TestNGProvider.invoke(TestNGProvider.java:120)
at org.apache.maven.surefire.booter.ForkedBooter.runSuitesInProcess(ForkedBooter.java:377)
at org.apache.maven.surefire.booter.ForkedBooter.execute(ForkedBooter.java:138)
at org.apache.maven.surefire.booter.ForkedBooter.run(ForkedBooter.java:465)
at org.apache.maven.surefire.booter.ForkedBooter.main(ForkedBooter.java:451)
]]>
            </full-stacktrace>
          </exception> <!-- java.lang.AssertionError -->
          <reporter-output>
          </reporter-output>
        </test-method> <!-- testAA -->
        <test-method status="PASS" signature="quit()[pri:0, instance:suitea.TestAA@5ae63ade]" name="quit" is-config="true" duration-ms="29" started-at="2021-03-04T07:57:07 CST" finished-at="2021-03-04T07:57:07 CST">
          <reporter-output>
          </reporter-output>
        </test-method> <!-- quit -->
      </class> <!-- suitea.TestAA -->
    </test> <!-- Test AA -->
  </suite> <!-- Suite A -->
</testng-results>
