<?xml version="1.0" encoding="UTF-8"?>
<!-- Generated by org.testng.reporters.JUnitXMLReporter -->
<testsuite ignored="0" hostname="SantoshKokku" failures="2" tests="2" name="Test CC" time="6.126" errors="0" timestamp="2021-02-25T09:26:06 CST">
  <testcase classname="suitec.TestCC" name="testCC" time="3.013">
    <failure type="java.lang.AssertionError" message="The following asserts failed:
	Text doesn&amp;apos;t match">
      <![CDATA[java.lang.AssertionError: The following asserts failed:
Text doesn't match
at suitec.TestCC.testCC(TestCC.java:16)
at java.base/java.util.ArrayList.forEach(ArrayList.java:1541)
... Removed 34 stack frames]]>
    </failure>
  </testcase> <!-- testCC -->
  <testcase classname="suitec.TestCC" name="testCC" time="3.003">
    <failure type="java.lang.AssertionError" message="The following asserts failed:
	Text doesn&amp;apos;t match">
      <![CDATA[java.lang.AssertionError: The following asserts failed:
Text doesn't match
at suitec.TestCC.testCC(TestCC.java:16)
at java.base/java.util.ArrayList.forEach(ArrayList.java:1541)
... Removed 34 stack frames]]>
    </failure>
  </testcase> <!-- testCC -->
</testsuite> <!-- Test CC -->
