<?xml version="1.0" encoding="UTF-8"?>
<!-- Generated by org.testng.reporters.JUnitXMLReporter -->
<testsuite ignored="0" hostname="SantoshKokku" failures="2" tests="2" name="Test AA" time="6.287" errors="0" timestamp="2021-03-02T08:07:29 CST">
  <testcase classname="suitea.TestAA" name="testAA" time="3.033">
    <failure type="java.lang.AssertionError" message="The following asserts failed:
	Text doesn&amp;apos;t match">
      <![CDATA[java.lang.AssertionError: The following asserts failed:
Text doesn't match
at suitea.TestAA.testAA(TestAA.java:21)
at java.base/java.util.ArrayList.forEach(ArrayList.java:1541)
... Removed 34 stack frames]]>
    </failure>
  </testcase> <!-- testAA -->
  <testcase classname="suitea.TestAA" name="testAA" time="3.015">
    <failure type="java.lang.AssertionError" message="The following asserts failed:
	Text doesn&amp;apos;t match">
      <![CDATA[java.lang.AssertionError: The following asserts failed:
Text doesn't match
at suitea.TestAA.testAA(TestAA.java:21)
at java.base/java.util.ArrayList.forEach(ArrayList.java:1541)
... Removed 34 stack frames]]>
    </failure>
  </testcase> <!-- testAA -->
</testsuite> <!-- Test AA -->
